{"$message_type":"diagnostic","message":"unused import: `Transcription`","code":{"code":"unused_imports","explanation":null},"level":"warning","spans":[{"file_name":"crates/vtt-mcp/src/server.rs","byte_start":504,"byte_end":517,"line_start":16,"line_end":16,"column_start":56,"column_end":69,"is_primary":true,"text":[{"text":"use vtt_core::whisper::{WhisperContext, WhisperConfig, Transcription};","highlight_start":56,"highlight_end":69}],"label":null,"suggested_replacement":null,"suggestion_applicability":null,"expansion":null}],"children":[{"message":"`#[warn(unused_imports)]` (part of `#[warn(unused)]`) on by default","code":null,"level":"note","spans":[],"children":[],"rendered":null},{"message":"remove the unused import","code":null,"level":"help","spans":[{"file_name":"crates/vtt-mcp/src/server.rs","byte_start":502,"byte_end":517,"line_start":16,"line_end":16,"column_start":54,"column_end":69,"is_primary":true,"text":[{"text":"use vtt_core::whisper::{WhisperContext, WhisperConfig, Transcription};","highlight_start":54,"highlight_end":69}],"label":null,"suggested_replacement":"","suggestion_applicability":"MachineApplicable","expansion":null}],"children":[],"rendered":null}],"rendered":"\u001b[1m\u001b[33mwarning\u001b[0m\u001b[1m: unused import: `Transcription`\u001b[0m\n  \u001b[1m\u001b[94m--> \u001b[0mcrates/vtt-mcp/src/server.rs:16:56\n   \u001b[1m\u001b[94m|\u001b[0m\n\u001b[1m\u001b[94m16\u001b[0m \u001b[1m\u001b[94m|\u001b[0m use vtt_core::whisper::{WhisperContext, WhisperConfig, Transcription};\n   \u001b[1m\u001b[94m|\u001b[0m                                                        \u001b[1m\u001b[33m^^^^^^^^^^^^^\u001b[0m\n   \u001b[1m\u001b[94m|\u001b[0m\n   \u001b[1m\u001b[94m= \u001b[0m\u001b[1mnote\u001b[0m: `#[warn(unused_imports)]` (part of `#[warn(unused)]`) on by default\n\n"}
{"$message_type":"diagnostic","message":"this function takes 2 arguments but 1 argument was supplied","code":{"code":"E0061","explanation":"An invalid number of arguments was passed when calling a function.\n\nErroneous code example:\n\n```compile_fail,E0061\nfn f(u: i32) {}\n\nf(); // error!\n```\n\nThe number of arguments passed to a function must match the number of arguments\nspecified in the function signature.\n\nFor example, a function like:\n\n```\nfn f(a: u16, b: &str) {}\n```\n\nMust always be called with exactly two arguments, e.g., `f(2, \"test\")`.\n\nNote that Rust does not have a notion of optional function arguments or\nvariadic functions (except for its C-FFI).\n"},"level":"error","spans":[{"file_name":"crates/vtt-mcp/src/server.rs","byte_start":6182,"byte_end":6225,"line_start":174,"line_end":174,"column_start":54,"column_end":97,"is_primary":false,"text":[{"text":"                .map_err(|e| McpError::internal_error(&format!(\"Failed to lock context: {}\", e)))?;","highlight_start":54,"highlight_end":97}],"label":"argument #2 of type `std::option::Option<rmcp::serde_json::Value>` is missing","suggested_replacement":null,"suggestion_applicability":null,"expansion":null},{"file_name":"crates/vtt-mcp/src/server.rs","byte_start":6158,"byte_end":6182,"line_start":174,"line_end":174,"column_start":30,"column_end":54,"is_primary":true,"text":[{"text":"                .map_err(|e| McpError::internal_error(&format!(\"Failed to lock context: {}\", e)))?;","highlight_start":30,"highlight_end":54}],"label":null,"suggested_replacement":null,"suggestion_applicability":null,"expansion":null}],"children":[{"message":"associated function defined here","code":null,"level":"note","spans":[{"file_name":"/home/dikini/.cargo/registry/src/index.crates.io-1949cf8c6b5b557f/rmcp-0.12.0/src/model.rs","byte_start":16588,"byte_end":16602,"line_start":502,"line_end":502,"column_start":12,"column_end":26,"is_primary":true,"text":[{"text":"    pub fn internal_error(message: impl Into<Cow<'static, str>>, data: Option<Value>) -> Self {","highlight_start":12,"highlight_end":26}],"label":null,"suggested_replacement":null,"suggestion_applicability":null,"expansion":null}],"children":[],"rendered":null},{"message":"provide the argument","code":null,"level":"help","spans":[{"file_name":"crates/vtt-mcp/src/server.rs","byte_start":6182,"byte_end":6225,"line_start":174,"line_end":174,"column_start":54,"column_end":97,"is_primary":true,"text":[{"text":"                .map_err(|e| McpError::internal_error(&format!(\"Failed to lock context: {}\", e)))?;","highlight_start":54,"highlight_end":97}],"label":null,"suggested_replacement":"(&format!(\"Failed to lock context: {}\", e), /* std::option::Option<rmcp::serde_json::Value> */)","suggestion_applicability":"HasPlaceholders","expansion":null}],"children":[],"rendered":null}],"rendered":"\u001b[1m\u001b[91merror[E0061]\u001b[0m\u001b[1m: this function takes 2 arguments but 1 argument was supplied\u001b[0m\n   \u001b[1m\u001b[94m--> \u001b[0mcrates/vtt-mcp/src/server.rs:174:30\n    \u001b[1m\u001b[94m|\u001b[0m\n\u001b[1m\u001b[94m174\u001b[0m \u001b[1m\u001b[94m|\u001b[0m                 .map_err(|e| McpError::internal_error(&format!(\"Failed to lock context: {}\", e)))?;\n    \u001b[1m\u001b[94m|\u001b[0m                              \u001b[1m\u001b[91m^^^^^^^^^^^^^^^^^^^^^^^^\u001b[0m\u001b[1m\u001b[94m-------------------------------------------\u001b[0m \u001b[1m\u001b[94margument #2 of type `std::option::Option<rmcp::serde_json::Value>` is missing\u001b[0m\n    \u001b[1m\u001b[94m|\u001b[0m\n\u001b[1m\u001b[92mnote\u001b[0m: associated function defined here\n   \u001b[1m\u001b[94m--> \u001b[0m/home/dikini/.cargo/registry/src/index.crates.io-1949cf8c6b5b557f/rmcp-0.12.0/src/model.rs:502:12\n    \u001b[1m\u001b[94m|\u001b[0m\n\u001b[1m\u001b[94m502\u001b[0m \u001b[1m\u001b[94m|\u001b[0m     pub fn internal_error(message: impl Into<Cow<'static, str>>, data: Option<Value>) -> Self {\n    \u001b[1m\u001b[94m|\u001b[0m            \u001b[1m\u001b[92m^^^^^^^^^^^^^^\u001b[0m\n\u001b[1m\u001b[96mhelp\u001b[0m: provide the argument\n    \u001b[1m\u001b[94m|\u001b[0m\n\u001b[1m\u001b[94m174\u001b[0m \u001b[1m\u001b[94m| \u001b[0m                .map_err(|e| McpError::internal_error(&format!(\"Failed to lock context: {}\", e)\u001b[92m, /* std::option::Option<rmcp::serde_json::Value> */\u001b[0m))?;\n    \u001b[1m\u001b[94m|\u001b[0m                                                                                                \u001b[92m++++++++++++++++++++++++++++++++++++++++++++++++++++\u001b[0m\n\n"}
{"$message_type":"diagnostic","message":"no function or associated item named `builder` found for struct `WhisperConfig` in the current scope","code":{"code":"E0599","explanation":"This error occurs when a method is used on a type which doesn't implement it:\n\nErroneous code example:\n\n```compile_fail,E0599\nstruct Mouth;\n\nlet x = Mouth;\nx.chocolate(); // error: no method named `chocolate` found for type `Mouth`\n               //        in the current scope\n```\n\nIn this case, you need to implement the `chocolate` method to fix the error:\n\n```\nstruct Mouth;\n\nimpl Mouth {\n    fn chocolate(&self) { // We implement the `chocolate` method here.\n        println!(\"Hmmm! I love chocolate!\");\n    }\n}\n\nlet x = Mouth;\nx.chocolate(); // ok!\n```\n"},"level":"error","spans":[{"file_name":"crates/vtt-mcp/src/server.rs","byte_start":6595,"byte_end":6602,"line_start":180,"line_end":180,"column_start":36,"column_end":43,"is_primary":true,"text":[{"text":"                    WhisperConfig::builder()","highlight_start":36,"highlight_end":43}],"label":"function or associated item not found in `WhisperConfig`","suggested_replacement":null,"suggestion_applicability":null,"expansion":null}],"children":[],"rendered":"\u001b[1m\u001b[91merror[E0599]\u001b[0m\u001b[1m: no function or associated item named `builder` found for struct `WhisperConfig` in the current scope\u001b[0m\n   \u001b[1m\u001b[94m--> \u001b[0mcrates/vtt-mcp/src/server.rs:180:36\n    \u001b[1m\u001b[94m|\u001b[0m\n\u001b[1m\u001b[94m180\u001b[0m \u001b[1m\u001b[94m|\u001b[0m                     WhisperConfig::builder()\n    \u001b[1m\u001b[94m|\u001b[0m                                    \u001b[1m\u001b[91m^^^^^^^\u001b[0m \u001b[1m\u001b[91mfunction or associated item not found in `WhisperConfig`\u001b[0m\n\n"}
{"$message_type":"diagnostic","message":"mismatched types","code":{"code":"E0308","explanation":"Expected type did not match the received type.\n\nErroneous code examples:\n\n```compile_fail,E0308\nfn plus_one(x: i32) -> i32 {\n    x + 1\n}\n\nplus_one(\"Not a number\");\n//       ^^^^^^^^^^^^^^ expected `i32`, found `&str`\n\nif \"Not a bool\" {\n// ^^^^^^^^^^^^ expected `bool`, found `&str`\n}\n\nlet x: f32 = \"Not a float\";\n//     ---   ^^^^^^^^^^^^^ expected `f32`, found `&str`\n//     |\n//     expected due to this\n```\n\nThis error occurs when an expression was used in a place where the compiler\nexpected an expression of a different type. It can occur in several cases, the\nmost common being when calling a function and passing an argument which has a\ndifferent type than the matching type in the function declaration.\n"},"level":"error","spans":[{"file_name":"crates/vtt-mcp/src/server.rs","byte_start":6810,"byte_end":6844,"line_start":183,"line_end":183,"column_start":62,"column_end":96,"is_primary":true,"text":[{"text":"                        .n_threads(threads.unwrap_or_else(|| WhisperConfig::default().n_threads))","highlight_start":62,"highlight_end":96}],"label":"expected `u32`, found `i32`","suggested_replacement":null,"suggestion_applicability":null,"expansion":null}],"children":[{"message":"you can convert an `i32` to a `u32` and panic if the converted value doesn't fit","code":null,"level":"help","spans":[{"file_name":"crates/vtt-mcp/src/server.rs","byte_start":6844,"byte_end":6844,"line_start":183,"line_end":183,"column_start":96,"column_end":96,"is_primary":true,"text":[{"text":"                        .n_threads(threads.unwrap_or_else(|| WhisperConfig::default().n_threads))","highlight_start":96,"highlight_end":96}],"label":null,"suggested_replacement":".try_into().unwrap()","suggestion_applicability":"MachineApplicable","expansion":null}],"children":[],"rendered":null}],"rendered":"\u001b[1m\u001b[91merror[E0308]\u001b[0m\u001b[1m: mismatched types\u001b[0m\n   \u001b[1m\u001b[94m--> \u001b[0mcrates/vtt-mcp/src/server.rs:183:62\n    \u001b[1m\u001b[94m|\u001b[0m\n\u001b[1m\u001b[94m183\u001b[0m \u001b[1m\u001b[94m|\u001b[0m                         .n_threads(threads.unwrap_or_else(|| WhisperConfig::default().n_threads))\n    \u001b[1m\u001b[94m|\u001b[0m                                                              \u001b[1m\u001b[91m^^^^^^^^^^^^^^^^^^^^^^^^^^^^^^^^^^\u001b[0m \u001b[1m\u001b[91mexpected `u32`, found `i32`\u001b[0m\n    \u001b[1m\u001b[94m|\u001b[0m\n\u001b[1m\u001b[96mhelp\u001b[0m: you can convert an `i32` to a `u32` and panic if the converted value doesn't fit\n    \u001b[1m\u001b[94m|\u001b[0m\n\u001b[1m\u001b[94m183\u001b[0m \u001b[1m\u001b[94m| \u001b[0m                        .n_threads(threads.unwrap_or_else(|| WhisperConfig::default().n_threads\u001b[92m.try_into().unwrap()\u001b[0m))\n    \u001b[1m\u001b[94m|\u001b[0m                                                                                                \u001b[92m++++++++++++++++++++\u001b[0m\n\n"}
{"$message_type":"diagnostic","message":"this function takes 2 arguments but 1 argument was supplied","code":{"code":"E0061","explanation":"An invalid number of arguments was passed when calling a function.\n\nErroneous code example:\n\n```compile_fail,E0061\nfn f(u: i32) {}\n\nf(); // error!\n```\n\nThe number of arguments passed to a function must match the number of arguments\nspecified in the function signature.\n\nFor example, a function like:\n\n```\nfn f(a: u16, b: &str) {}\n```\n\nMust always be called with exactly two arguments, e.g., `f(2, \"test\")`.\n\nNote that Rust does not have a notion of optional function arguments or\nvariadic functions (except for its C-FFI).\n"},"level":"error","spans":[{"file_name":"crates/vtt-mcp/src/server.rs","byte_start":6934,"byte_end":6987,"line_start":185,"line_end":185,"column_start":55,"column_end":108,"is_primary":false,"text":[{"text":"                ).map_err(|e| McpError::invalid_params(&format!(\"Failed to create Whisper context: {}\", e)))?);","highlight_start":55,"highlight_end":108}],"label":"argument #2 of type `std::option::Option<rmcp::serde_json::Value>` is missing","suggested_replacement":null,"suggestion_applicability":null,"expansion":null},{"file_name":"crates/vtt-mcp/src/server.rs","byte_start":6910,"byte_end":6934,"line_start":185,"line_end":185,"column_start":31,"column_end":55,"is_primary":true,"text":[{"text":"                ).map_err(|e| McpError::invalid_params(&format!(\"Failed to create Whisper context: {}\", e)))?);","highlight_start":31,"highlight_end":55}],"label":null,"suggested_replacement":null,"suggestion_applicability":null,"expansion":null}],"children":[{"message":"associated function defined here","code":null,"level":"note","spans":[{"file_name":"/home/dikini/.cargo/registry/src/index.crates.io-1949cf8c6b5b557f/rmcp-0.12.0/src/model.rs","byte_start":16426,"byte_end":16440,"line_start":499,"line_end":499,"column_start":12,"column_end":26,"is_primary":true,"text":[{"text":"    pub fn invalid_params(message: impl Into<Cow<'static, str>>, data: Option<Value>) -> Self {","highlight_start":12,"highlight_end":26}],"label":null,"suggested_replacement":null,"suggestion_applicability":null,"expansion":null}],"children":[],"rendered":null},{"message":"provide the argument","code":null,"level":"help","spans":[{"file_name":"crates/vtt-mcp/src/server.rs","byte_start":6934,"byte_end":6987,"line_start":185,"line_end":185,"column_start":55,"column_end":108,"is_primary":true,"text":[{"text":"                ).map_err(|e| McpError::invalid_params(&format!(\"Failed to create Whisper context: {}\", e)))?);","highlight_start":55,"highlight_end":108}],"label":null,"suggested_replacement":"(&format!(\"Failed to create Whisper context: {}\", e), /* std::option::Option<rmcp::serde_json::Value> */)","suggestion_applicability":"HasPlaceholders","expansion":null}],"children":[],"rendered":null}],"rendered":"\u001b[1m\u001b[91merror[E0061]\u001b[0m\u001b[1m: this function takes 2 arguments but 1 argument was supplied\u001b[0m\n   \u001b[1m\u001b[94m--> \u001b[0mcrates/vtt-mcp/src/server.rs:185:31\n    \u001b[1m\u001b[94m|\u001b[0m\n\u001b[1m\u001b[94m185\u001b[0m \u001b[1m\u001b[94m|\u001b[0m                 ).map_err(|e| McpError::invalid_params(&format!(\"Failed to create Whisper context: {}\", e)))?);\n    \u001b[1m\u001b[94m|\u001b[0m                               \u001b[1m\u001b[91m^^^^^^^^^^^^^^^^^^^^^^^^\u001b[0m\u001b[1m\u001b[94m-----------------------------------------------------\u001b[0m \u001b[1m\u001b[94margument #2 of type `std::option::Option<rmcp::serde_json::Value>` is missing\u001b[0m\n    \u001b[1m\u001b[94m|\u001b[0m\n\u001b[1m\u001b[92mnote\u001b[0m: associated function defined here\n   \u001b[1m\u001b[94m--> \u001b[0m/home/dikini/.cargo/registry/src/index.crates.io-1949cf8c6b5b557f/rmcp-0.12.0/src/model.rs:499:12\n    \u001b[1m\u001b[94m|\u001b[0m\n\u001b[1m\u001b[94m499\u001b[0m \u001b[1m\u001b[94m|\u001b[0m     pub fn invalid_params(message: impl Into<Cow<'static, str>>, data: Option<Value>) -> Self {\n    \u001b[1m\u001b[94m|\u001b[0m            \u001b[1m\u001b[92m^^^^^^^^^^^^^^\u001b[0m\n\u001b[1m\u001b[96mhelp\u001b[0m: provide the argument\n    \u001b[1m\u001b[94m|\u001b[0m\n\u001b[1m\u001b[94m185\u001b[0m \u001b[1m\u001b[94m| \u001b[0m                ).map_err(|e| McpError::invalid_params(&format!(\"Failed to create Whisper context: {}\", e)\u001b[92m, /* std::option::Option<rmcp::serde_json::Value> */\u001b[0m))?);\n    \u001b[1m\u001b[94m|\u001b[0m                                                                                                           \u001b[92m++++++++++++++++++++++++++++++++++++++++++++++++++++\u001b[0m\n\n"}
{"$message_type":"diagnostic","message":"no function or associated item named `builder` found for struct `WhisperConfig` in the current scope","code":{"code":"E0599","explanation":"This error occurs when a method is used on a type which doesn't implement it:\n\nErroneous code example:\n\n```compile_fail,E0599\nstruct Mouth;\n\nlet x = Mouth;\nx.chocolate(); // error: no method named `chocolate` found for type `Mouth`\n               //        in the current scope\n```\n\nIn this case, you need to implement the `chocolate` method to fix the error:\n\n```\nstruct Mouth;\n\nimpl Mouth {\n    fn chocolate(&self) { // We implement the `chocolate` method here.\n        println!(\"Hmmm! I love chocolate!\");\n    }\n}\n\nlet x = Mouth;\nx.chocolate(); // ok!\n```\n"},"level":"error","spans":[{"file_name":"crates/vtt-mcp/src/server.rs","byte_start":7130,"byte_end":7137,"line_start":191,"line_end":191,"column_start":37,"column_end":44,"is_primary":true,"text":[{"text":"        let config = WhisperConfig::builder()","highlight_start":37,"highlight_end":44}],"label":"function or associated item not found in `WhisperConfig`","suggested_replacement":null,"suggestion_applicability":null,"expansion":null}],"children":[],"rendered":"\u001b[1m\u001b[91merror[E0599]\u001b[0m\u001b[1m: no function or associated item named `builder` found for struct `WhisperConfig` in the current scope\u001b[0m\n   \u001b[1m\u001b[94m--> \u001b[0mcrates/vtt-mcp/src/server.rs:191:37\n    \u001b[1m\u001b[94m|\u001b[0m\n\u001b[1m\u001b[94m191\u001b[0m \u001b[1m\u001b[94m|\u001b[0m         let config = WhisperConfig::builder()\n    \u001b[1m\u001b[94m|\u001b[0m                                     \u001b[1m\u001b[91m^^^^^^^\u001b[0m \u001b[1m\u001b[91mfunction or associated item not found in `WhisperConfig`\u001b[0m\n\n"}
{"$message_type":"diagnostic","message":"mismatched types","code":{"code":"E0308","explanation":"Expected type did not match the received type.\n\nErroneous code examples:\n\n```compile_fail,E0308\nfn plus_one(x: i32) -> i32 {\n    x + 1\n}\n\nplus_one(\"Not a number\");\n//       ^^^^^^^^^^^^^^ expected `i32`, found `&str`\n\nif \"Not a bool\" {\n// ^^^^^^^^^^^^ expected `bool`, found `&str`\n}\n\nlet x: f32 = \"Not a float\";\n//     ---   ^^^^^^^^^^^^^ expected `f32`, found `&str`\n//     |\n//     expected due to this\n```\n\nThis error occurs when an expression was used in a place where the compiler\nexpected an expression of a different type. It can occur in several cases, the\nmost common being when calling a function and passing an argument which has a\ndifferent type than the matching type in the function declaration.\n"},"level":"error","spans":[{"file_name":"crates/vtt-mcp/src/server.rs","byte_start":7309,"byte_end":7343,"line_start":194,"line_end":194,"column_start":50,"column_end":84,"is_primary":true,"text":[{"text":"            .n_threads(threads.unwrap_or_else(|| WhisperConfig::default().n_threads))","highlight_start":50,"highlight_end":84}],"label":"expected `u32`, found `i32`","suggested_replacement":null,"suggestion_applicability":null,"expansion":null}],"children":[{"message":"you can convert an `i32` to a `u32` and panic if the converted value doesn't fit","code":null,"level":"help","spans":[{"file_name":"crates/vtt-mcp/src/server.rs","byte_start":7343,"byte_end":7343,"line_start":194,"line_end":194,"column_start":84,"column_end":84,"is_primary":true,"text":[{"text":"            .n_threads(threads.unwrap_or_else(|| WhisperConfig::default().n_threads))","highlight_start":84,"highlight_end":84}],"label":null,"suggested_replacement":".try_into().unwrap()","suggestion_applicability":"MachineApplicable","expansion":null}],"children":[],"rendered":null}],"rendered":"\u001b[1m\u001b[91merror[E0308]\u001b[0m\u001b[1m: mismatched types\u001b[0m\n   \u001b[1m\u001b[94m--> \u001b[0mcrates/vtt-mcp/src/server.rs:194:50\n    \u001b[1m\u001b[94m|\u001b[0m\n\u001b[1m\u001b[94m194\u001b[0m \u001b[1m\u001b[94m|\u001b[0m             .n_threads(threads.unwrap_or_else(|| WhisperConfig::default().n_threads))\n    \u001b[1m\u001b[94m|\u001b[0m                                                  \u001b[1m\u001b[91m^^^^^^^^^^^^^^^^^^^^^^^^^^^^^^^^^^\u001b[0m \u001b[1m\u001b[91mexpected `u32`, found `i32`\u001b[0m\n    \u001b[1m\u001b[94m|\u001b[0m\n\u001b[1m\u001b[96mhelp\u001b[0m: you can convert an `i32` to a `u32` and panic if the converted value doesn't fit\n    \u001b[1m\u001b[94m|\u001b[0m\n\u001b[1m\u001b[94m194\u001b[0m \u001b[1m\u001b[94m| \u001b[0m            .n_threads(threads.unwrap_or_else(|| WhisperConfig::default().n_threads\u001b[92m.try_into().unwrap()\u001b[0m))\n    \u001b[1m\u001b[94m|\u001b[0m                                                                                    \u001b[92m++++++++++++++++++++\u001b[0m\n\n"}
{"$message_type":"diagnostic","message":"this function takes 2 arguments but 1 argument was supplied","code":{"code":"E0061","explanation":"An invalid number of arguments was passed when calling a function.\n\nErroneous code example:\n\n```compile_fail,E0061\nfn f(u: i32) {}\n\nf(); // error!\n```\n\nThe number of arguments passed to a function must match the number of arguments\nspecified in the function signature.\n\nFor example, a function like:\n\n```\nfn f(a: u16, b: &str) {}\n```\n\nMust always be called with exactly two arguments, e.g., `f(2, \"test\")`.\n\nNote that Rust does not have a notion of optional function arguments or\nvariadic functions (except for its C-FFI).\n"},"level":"error","spans":[{"file_name":"crates/vtt-mcp/src/server.rs","byte_start":7468,"byte_end":7521,"line_start":198,"line_end":198,"column_start":50,"column_end":103,"is_primary":false,"text":[{"text":"            .map_err(|e| McpError::invalid_params(&format!(\"Failed to create Whisper context: {}\", e)))?;","highlight_start":50,"highlight_end":103}],"label":"argument #2 of type `std::option::Option<rmcp::serde_json::Value>` is missing","suggested_replacement":null,"suggestion_applicability":null,"expansion":null},{"file_name":"crates/vtt-mcp/src/server.rs","byte_start":7444,"byte_end":7468,"line_start":198,"line_end":198,"column_start":26,"column_end":50,"is_primary":true,"text":[{"text":"            .map_err(|e| McpError::invalid_params(&format!(\"Failed to create Whisper context: {}\", e)))?;","highlight_start":26,"highlight_end":50}],"label":null,"suggested_replacement":null,"suggestion_applicability":null,"expansion":null}],"children":[{"message":"associated function defined here","code":null,"level":"note","spans":[{"file_name":"/home/dikini/.cargo/registry/src/index.crates.io-1949cf8c6b5b557f/rmcp-0.12.0/src/model.rs","byte_start":16426,"byte_end":16440,"line_start":499,"line_end":499,"column_start":12,"column_end":26,"is_primary":true,"text":[{"text":"    pub fn invalid_params(message: impl Into<Cow<'static, str>>, data: Option<Value>) -> Self {","highlight_start":12,"highlight_end":26}],"label":null,"suggested_replacement":null,"suggestion_applicability":null,"expansion":null}],"children":[],"rendered":null},{"message":"provide the argument","code":null,"level":"help","spans":[{"file_name":"crates/vtt-mcp/src/server.rs","byte_start":7468,"byte_end":7521,"line_start":198,"line_end":198,"column_start":50,"column_end":103,"is_primary":true,"text":[{"text":"            .map_err(|e| McpError::invalid_params(&format!(\"Failed to create Whisper context: {}\", e)))?;","highlight_start":50,"highlight_end":103}],"label":null,"suggested_replacement":"(&format!(\"Failed to create Whisper context: {}\", e), /* std::option::Option<rmcp::serde_json::Value> */)","suggestion_applicability":"HasPlaceholders","expansion":null}],"children":[],"rendered":null}],"rendered":"\u001b[1m\u001b[91merror[E0061]\u001b[0m\u001b[1m: this function takes 2 arguments but 1 argument was supplied\u001b[0m\n   \u001b[1m\u001b[94m--> \u001b[0mcrates/vtt-mcp/src/server.rs:198:26\n    \u001b[1m\u001b[94m|\u001b[0m\n\u001b[1m\u001b[94m198\u001b[0m \u001b[1m\u001b[94m|\u001b[0m             .map_err(|e| McpError::invalid_params(&format!(\"Failed to create Whisper context: {}\", e)))?;\n    \u001b[1m\u001b[94m|\u001b[0m                          \u001b[1m\u001b[91m^^^^^^^^^^^^^^^^^^^^^^^^\u001b[0m\u001b[1m\u001b[94m-----------------------------------------------------\u001b[0m \u001b[1m\u001b[94margument #2 of type `std::option::Option<rmcp::serde_json::Value>` is missing\u001b[0m\n    \u001b[1m\u001b[94m|\u001b[0m\n\u001b[1m\u001b[92mnote\u001b[0m: associated function defined here\n   \u001b[1m\u001b[94m--> \u001b[0m/home/dikini/.cargo/registry/src/index.crates.io-1949cf8c6b5b557f/rmcp-0.12.0/src/model.rs:499:12\n    \u001b[1m\u001b[94m|\u001b[0m\n\u001b[1m\u001b[94m499\u001b[0m \u001b[1m\u001b[94m|\u001b[0m     pub fn invalid_params(message: impl Into<Cow<'static, str>>, data: Option<Value>) -> Self {\n    \u001b[1m\u001b[94m|\u001b[0m            \u001b[1m\u001b[92m^^^^^^^^^^^^^^\u001b[0m\n\u001b[1m\u001b[96mhelp\u001b[0m: provide the argument\n    \u001b[1m\u001b[94m|\u001b[0m\n\u001b[1m\u001b[94m198\u001b[0m \u001b[1m\u001b[94m| \u001b[0m            .map_err(|e| McpError::invalid_params(&format!(\"Failed to create Whisper context: {}\", e)\u001b[92m, /* std::option::Option<rmcp::serde_json::Value> */\u001b[0m))?;\n    \u001b[1m\u001b[94m|\u001b[0m                                                                                                      \u001b[92m++++++++++++++++++++++++++++++++++++++++++++++++++++\u001b[0m\n\n"}
{"$message_type":"diagnostic","message":"this function takes 2 arguments but 1 argument was supplied","code":{"code":"E0061","explanation":"An invalid number of arguments was passed when calling a function.\n\nErroneous code example:\n\n```compile_fail,E0061\nfn f(u: i32) {}\n\nf(); // error!\n```\n\nThe number of arguments passed to a function must match the number of arguments\nspecified in the function signature.\n\nFor example, a function like:\n\n```\nfn f(a: u16, b: &str) {}\n```\n\nMust always be called with exactly two arguments, e.g., `f(2, \"test\")`.\n\nNote that Rust does not have a notion of optional function arguments or\nvariadic functions (except for its C-FFI).\n"},"level":"error","spans":[{"file_name":"crates/vtt-mcp/src/server.rs","byte_start":7669,"byte_end":7712,"line_start":203,"line_end":203,"column_start":54,"column_end":97,"is_primary":false,"text":[{"text":"                .map_err(|e| McpError::internal_error(&format!(\"Failed to lock context: {}\", e)))?;","highlight_start":54,"highlight_end":97}],"label":"argument #2 of type `std::option::Option<rmcp::serde_json::Value>` is missing","suggested_replacement":null,"suggestion_applicability":null,"expansion":null},{"file_name":"crates/vtt-mcp/src/server.rs","byte_start":7645,"byte_end":7669,"line_start":203,"line_end":203,"column_start":30,"column_end":54,"is_primary":true,"text":[{"text":"                .map_err(|e| McpError::internal_error(&format!(\"Failed to lock context: {}\", e)))?;","highlight_start":30,"highlight_end":54}],"label":null,"suggested_replacement":null,"suggestion_applicability":null,"expansion":null}],"children":[{"message":"associated function defined here","code":null,"level":"note","spans":[{"file_name":"/home/dikini/.cargo/registry/src/index.crates.io-1949cf8c6b5b557f/rmcp-0.12.0/src/model.rs","byte_start":16588,"byte_end":16602,"line_start":502,"line_end":502,"column_start":12,"column_end":26,"is_primary":true,"text":[{"text":"    pub fn internal_error(message: impl Into<Cow<'static, str>>, data: Option<Value>) -> Self {","highlight_start":12,"highlight_end":26}],"label":null,"suggested_replacement":null,"suggestion_applicability":null,"expansion":null}],"children":[],"rendered":null},{"message":"provide the argument","code":null,"level":"help","spans":[{"file_name":"crates/vtt-mcp/src/server.rs","byte_start":7669,"byte_end":7712,"line_start":203,"line_end":203,"column_start":54,"column_end":97,"is_primary":true,"text":[{"text":"                .map_err(|e| McpError::internal_error(&format!(\"Failed to lock context: {}\", e)))?;","highlight_start":54,"highlight_end":97}],"label":null,"suggested_replacement":"(&format!(\"Failed to lock context: {}\", e), /* std::option::Option<rmcp::serde_json::Value> */)","suggestion_applicability":"HasPlaceholders","expansion":null}],"children":[],"rendered":null}],"rendered":"\u001b[1m\u001b[91merror[E0061]\u001b[0m\u001b[1m: this function takes 2 arguments but 1 argument was supplied\u001b[0m\n   \u001b[1m\u001b[94m--> \u001b[0mcrates/vtt-mcp/src/server.rs:203:30\n    \u001b[1m\u001b[94m|\u001b[0m\n\u001b[1m\u001b[94m203\u001b[0m \u001b[1m\u001b[94m|\u001b[0m                 .map_err(|e| McpError::internal_error(&format!(\"Failed to lock context: {}\", e)))?;\n    \u001b[1m\u001b[94m|\u001b[0m                              \u001b[1m\u001b[91m^^^^^^^^^^^^^^^^^^^^^^^^\u001b[0m\u001b[1m\u001b[94m-------------------------------------------\u001b[0m \u001b[1m\u001b[94margument #2 of type `std::option::Option<rmcp::serde_json::Value>` is missing\u001b[0m\n    \u001b[1m\u001b[94m|\u001b[0m\n\u001b[1m\u001b[92mnote\u001b[0m: associated function defined here\n   \u001b[1m\u001b[94m--> \u001b[0m/home/dikini/.cargo/registry/src/index.crates.io-1949cf8c6b5b557f/rmcp-0.12.0/src/model.rs:502:12\n    \u001b[1m\u001b[94m|\u001b[0m\n\u001b[1m\u001b[94m502\u001b[0m \u001b[1m\u001b[94m|\u001b[0m     pub fn internal_error(message: impl Into<Cow<'static, str>>, data: Option<Value>) -> Self {\n    \u001b[1m\u001b[94m|\u001b[0m            \u001b[1m\u001b[92m^^^^^^^^^^^^^^\u001b[0m\n\u001b[1m\u001b[96mhelp\u001b[0m: provide the argument\n    \u001b[1m\u001b[94m|\u001b[0m\n\u001b[1m\u001b[94m203\u001b[0m \u001b[1m\u001b[94m| \u001b[0m                .map_err(|e| McpError::internal_error(&format!(\"Failed to lock context: {}\", e)\u001b[92m, /* std::option::Option<rmcp::serde_json::Value> */\u001b[0m))?;\n    \u001b[1m\u001b[94m|\u001b[0m                                                                                                \u001b[92m++++++++++++++++++++++++++++++++++++++++++++++++++++\u001b[0m\n\n"}
{"$message_type":"diagnostic","message":"this function takes 2 arguments but 1 argument was supplied","code":{"code":"E0061","explanation":"An invalid number of arguments was passed when calling a function.\n\nErroneous code example:\n\n```compile_fail,E0061\nfn f(u: i32) {}\n\nf(); // error!\n```\n\nThe number of arguments passed to a function must match the number of arguments\nspecified in the function signature.\n\nFor example, a function like:\n\n```\nfn f(a: u16, b: &str) {}\n```\n\nMust always be called with exactly two arguments, e.g., `f(2, \"test\")`.\n\nNote that Rust does not have a notion of optional function arguments or\nvariadic functions (except for its C-FFI).\n"},"level":"error","spans":[{"file_name":"crates/vtt-mcp/src/server.rs","byte_start":7943,"byte_end":7996,"line_start":209,"line_end":209,"column_start":50,"column_end":103,"is_primary":false,"text":[{"text":"            .map_err(|e| McpError::invalid_params(&format!(\"Failed to create Whisper context: {}\", e)))?)","highlight_start":50,"highlight_end":103}],"label":"argument #2 of type `std::option::Option<rmcp::serde_json::Value>` is missing","suggested_replacement":null,"suggestion_applicability":null,"expansion":null},{"file_name":"crates/vtt-mcp/src/server.rs","byte_start":7919,"byte_end":7943,"line_start":209,"line_end":209,"column_start":26,"column_end":50,"is_primary":true,"text":[{"text":"            .map_err(|e| McpError::invalid_params(&format!(\"Failed to create Whisper context: {}\", e)))?)","highlight_start":26,"highlight_end":50}],"label":null,"suggested_replacement":null,"suggestion_applicability":null,"expansion":null}],"children":[{"message":"associated function defined here","code":null,"level":"note","spans":[{"file_name":"/home/dikini/.cargo/registry/src/index.crates.io-1949cf8c6b5b557f/rmcp-0.12.0/src/model.rs","byte_start":16426,"byte_end":16440,"line_start":499,"line_end":499,"column_start":12,"column_end":26,"is_primary":true,"text":[{"text":"    pub fn invalid_params(message: impl Into<Cow<'static, str>>, data: Option<Value>) -> Self {","highlight_start":12,"highlight_end":26}],"label":null,"suggested_replacement":null,"suggestion_applicability":null,"expansion":null}],"children":[],"rendered":null},{"message":"provide the argument","code":null,"level":"help","spans":[{"file_name":"crates/vtt-mcp/src/server.rs","byte_start":7943,"byte_end":7996,"line_start":209,"line_end":209,"column_start":50,"column_end":103,"is_primary":true,"text":[{"text":"            .map_err(|e| McpError::invalid_params(&format!(\"Failed to create Whisper context: {}\", e)))?)","highlight_start":50,"highlight_end":103}],"label":null,"suggested_replacement":"(&format!(\"Failed to create Whisper context: {}\", e), /* std::option::Option<rmcp::serde_json::Value> */)","suggestion_applicability":"HasPlaceholders","expansion":null}],"children":[],"rendered":null}],"rendered":"\u001b[1m\u001b[91merror[E0061]\u001b[0m\u001b[1m: this function takes 2 arguments but 1 argument was supplied\u001b[0m\n   \u001b[1m\u001b[94m--> \u001b[0mcrates/vtt-mcp/src/server.rs:209:26\n    \u001b[1m\u001b[94m|\u001b[0m\n\u001b[1m\u001b[94m209\u001b[0m \u001b[1m\u001b[94m|\u001b[0m             .map_err(|e| McpError::invalid_params(&format!(\"Failed to create Whisper context: {}\", e)))?)\n    \u001b[1m\u001b[94m|\u001b[0m                          \u001b[1m\u001b[91m^^^^^^^^^^^^^^^^^^^^^^^^\u001b[0m\u001b[1m\u001b[94m-----------------------------------------------------\u001b[0m \u001b[1m\u001b[94margument #2 of type `std::option::Option<rmcp::serde_json::Value>` is missing\u001b[0m\n    \u001b[1m\u001b[94m|\u001b[0m\n\u001b[1m\u001b[92mnote\u001b[0m: associated function defined here\n   \u001b[1m\u001b[94m--> \u001b[0m/home/dikini/.cargo/registry/src/index.crates.io-1949cf8c6b5b557f/rmcp-0.12.0/src/model.rs:499:12\n    \u001b[1m\u001b[94m|\u001b[0m\n\u001b[1m\u001b[94m499\u001b[0m \u001b[1m\u001b[94m|\u001b[0m     pub fn invalid_params(message: impl Into<Cow<'static, str>>, data: Option<Value>) -> Self {\n    \u001b[1m\u001b[94m|\u001b[0m            \u001b[1m\u001b[92m^^^^^^^^^^^^^^\u001b[0m\n\u001b[1m\u001b[96mhelp\u001b[0m: provide the argument\n    \u001b[1m\u001b[94m|\u001b[0m\n\u001b[1m\u001b[94m209\u001b[0m \u001b[1m\u001b[94m| \u001b[0m            .map_err(|e| McpError::invalid_params(&format!(\"Failed to create Whisper context: {}\", e)\u001b[92m, /* std::option::Option<rmcp::serde_json::Value> */\u001b[0m))?)\n    \u001b[1m\u001b[94m|\u001b[0m                                                                                                      \u001b[92m++++++++++++++++++++++++++++++++++++++++++++++++++++\u001b[0m\n\n"}
{"$message_type":"diagnostic","message":"no function or associated item named `text_json` found for struct `Annotated<RawContent>` in the current scope","code":{"code":"E0599","explanation":"This error occurs when a method is used on a type which doesn't implement it:\n\nErroneous code example:\n\n```compile_fail,E0599\nstruct Mouth;\n\nlet x = Mouth;\nx.chocolate(); // error: no method named `chocolate` found for type `Mouth`\n               //        in the current scope\n```\n\nIn this case, you need to implement the `chocolate` method to fix the error:\n\n```\nstruct Mouth;\n\nimpl Mouth {\n    fn chocolate(&self) { // We implement the `chocolate` method here.\n        println!(\"Hmmm! I love chocolate!\");\n    }\n}\n\nlet x = Mouth;\nx.chocolate(); // ok!\n```\n"},"level":"error","spans":[{"file_name":"crates/vtt-mcp/src/server.rs","byte_start":4539,"byte_end":4548,"line_start":128,"line_end":128,"column_start":30,"column_end":39,"is_primary":true,"text":[{"text":"                    Content::text_json(result)","highlight_start":30,"highlight_end":39}],"label":"function or associated item not found in `Annotated<RawContent>`","suggested_replacement":null,"suggestion_applicability":null,"expansion":null}],"children":[{"message":"if you're trying to build a new `Annotated<RawContent>` consider using one of the following associated functions:\nAnnotated::<T>::new\nmodel::content::<impl Annotated<RawContent>>::text\nmodel::content::<impl Annotated<RawContent>>::image\nmodel::content::<impl Annotated<RawContent>>::resource\nand 3 others","code":null,"level":"note","spans":[{"file_name":"/home/dikini/.cargo/registry/src/index.crates.io-1949cf8c6b5b557f/rmcp-0.12.0/src/model/content.rs","byte_start":5223,"byte_end":5268,"line_start":161,"line_end":161,"column_start":5,"column_end":50,"is_primary":true,"text":[{"text":"    pub fn text<S: Into<String>>(text: S) -> Self {","highlight_start":5,"highlight_end":50}],"label":null,"suggested_replacement":null,"suggestion_applicability":null,"expansion":null},{"file_name":"/home/dikini/.cargo/registry/src/index.crates.io-1949cf8c6b5b557f/rmcp-0.12.0/src/model/content.rs","byte_start":5329,"byte_end":5406,"line_start":165,"line_end":165,"column_start":5,"column_end":82,"is_primary":true,"text":[{"text":"    pub fn image<S: Into<String>, T: Into<String>>(data: S, mime_type: T) -> Self {","highlight_start":5,"highlight_end":82}],"label":null,"suggested_replacement":null,"suggestion_applicability":null,"expansion":null},{"file_name":"/home/dikini/.cargo/registry/src/index.crates.io-1949cf8c6b5b557f/rmcp-0.12.0/src/model/content.rs","byte_start":5479,"byte_end":5530,"line_start":169,"line_end":169,"column_start":5,"column_end":56,"is_primary":true,"text":[{"text":"    pub fn resource(resource: ResourceContents) -> Self {","highlight_start":5,"highlight_end":56}],"label":null,"suggested_replacement":null,"suggestion_applicability":null,"expansion":null},{"file_name":"/home/dikini/.cargo/registry/src/index.crates.io-1949cf8c6b5b557f/rmcp-0.12.0/src/model/annotated.rs","byte_start":1871,"byte_end":1931,"line_start":62,"line_end":62,"column_start":5,"column_end":65,"is_primary":true,"text":[{"text":"    pub fn new(raw: T, annotations: Option<Annotations>) -> Self {","highlight_start":5,"highlight_end":65}],"label":null,"suggested_replacement":null,"suggestion_applicability":null,"expansion":null}],"children":[],"rendered":null}],"rendered":"\u001b[1m\u001b[91merror[E0599]\u001b[0m\u001b[1m: no function or associated item named `text_json` found for struct `Annotated<RawContent>` in the current scope\u001b[0m\n   \u001b[1m\u001b[94m--> \u001b[0mcrates/vtt-mcp/src/server.rs:128:30\n    \u001b[1m\u001b[94m|\u001b[0m\n\u001b[1m\u001b[94m128\u001b[0m \u001b[1m\u001b[94m|\u001b[0m                     Content::text_json(result)\n    \u001b[1m\u001b[94m|\u001b[0m                              \u001b[1m\u001b[91m^^^^^^^^^\u001b[0m \u001b[1m\u001b[91mfunction or associated item not found in `Annotated<RawContent>`\u001b[0m\n    \u001b[1m\u001b[94m|\u001b[0m\n\u001b[1m\u001b[92mnote\u001b[0m: if you're trying to build a new `Annotated<RawContent>` consider using one of the following associated functions:\n      Annotated::<T>::new\n      model::content::<impl Annotated<RawContent>>::text\n      model::content::<impl Annotated<RawContent>>::image\n      model::content::<impl Annotated<RawContent>>::resource\n      and 3 others\n   \u001b[1m\u001b[94m--> \u001b[0m/home/dikini/.cargo/registry/src/index.crates.io-1949cf8c6b5b557f/rmcp-0.12.0/src/model/content.rs:161:5\n    \u001b[1m\u001b[94m|\u001b[0m\n\u001b[1m\u001b[94m161\u001b[0m \u001b[1m\u001b[94m|\u001b[0m     pub fn text<S: Into<String>>(text: S) -> Self {\n    \u001b[1m\u001b[94m|\u001b[0m     \u001b[1m\u001b[92m^^^^^^^^^^^^^^^^^^^^^^^^^^^^^^^^^^^^^^^^^^^^^\u001b[0m\n\u001b[1m\u001b[94m...\u001b[0m\n\u001b[1m\u001b[94m165\u001b[0m \u001b[1m\u001b[94m|\u001b[0m     pub fn image<S: Into<String>, T: Into<String>>(data: S, mime_type: T) -> Self {\n    \u001b[1m\u001b[94m|\u001b[0m     \u001b[1m\u001b[92m^^^^^^^^^^^^^^^^^^^^^^^^^^^^^^^^^^^^^^^^^^^^^^^^^^^^^^^^^^^^^^^^^^^^^^^^^^^^^\u001b[0m\n\u001b[1m\u001b[94m...\u001b[0m\n\u001b[1m\u001b[94m169\u001b[0m \u001b[1m\u001b[94m|\u001b[0m     pub fn resource(resource: ResourceContents) -> Self {\n    \u001b[1m\u001b[94m|\u001b[0m     \u001b[1m\u001b[92m^^^^^^^^^^^^^^^^^^^^^^^^^^^^^^^^^^^^^^^^^^^^^^^^^^^\u001b[0m\n    \u001b[1m\u001b[94m|\u001b[0m\n   \u001b[1m\u001b[94m::: \u001b[0m/home/dikini/.cargo/registry/src/index.crates.io-1949cf8c6b5b557f/rmcp-0.12.0/src/model/annotated.rs:62:5\n    \u001b[1m\u001b[94m|\u001b[0m\n \u001b[1m\u001b[94m62\u001b[0m \u001b[1m\u001b[94m|\u001b[0m     pub fn new(raw: T, annotations: Option<Annotations>) -> Self {\n    \u001b[1m\u001b[94m|\u001b[0m     \u001b[1m\u001b[92m^^^^^^^^^^^^^^^^^^^^^^^^^^^^^^^^^^^^^^^^^^^^^^^^^^^^^^^^^^^^\u001b[0m\n\n"}
{"$message_type":"diagnostic","message":"aborting due to 10 previous errors; 1 warning emitted","code":null,"level":"error","spans":[],"children":[],"rendered":"\u001b[1m\u001b[91merror\u001b[0m\u001b[1m: aborting due to 10 previous errors; 1 warning emitted\u001b[0m\n\n"}
{"$message_type":"diagnostic","message":"Some errors have detailed explanations: E0061, E0308, E0599.","code":null,"level":"failure-note","spans":[],"children":[],"rendered":"\u001b[1mSome errors have detailed explanations: E0061, E0308, E0599.\u001b[0m\n"}
{"$message_type":"diagnostic","message":"For more information about an error, try `rustc --explain E0061`.","code":null,"level":"failure-note","spans":[],"children":[],"rendered":"\u001b[1mFor more information about an error, try `rustc --explain E0061`.\u001b[0m\n"}
